[13:12:56] [Client thread/INFO]: Setting user: Player252
[13:12:59] [Client thread/WARN]: Skipping bad option: lastServer:
[13:12:59] [Client thread/INFO]: LWJGL Version: 2.9.2
[13:13:02] [Client thread/INFO]: Reloading ResourceManager: Default, FMLFileResourcePack:Forge Mod Loader, FMLFileResourcePack:Minecraft Forge, FMLFileResourcePack:Jonimod
[13:13:03] [Sound Library Loader/INFO]: Starting up SoundSystem...
[13:13:04] [Thread-6/INFO]: Initializing LWJGL OpenAL
[13:13:04] [Thread-6/INFO]: (The LWJGL binding of OpenAL.  For more information, see http://www.lwjgl.org)
[13:13:04] [Thread-6/INFO]: OpenAL initialized.
[13:13:04] [Sound Library Loader/INFO]: Sound engine started
[13:13:06] [Client thread/INFO]: Created: 16x16 textures-atlas
[13:13:07] [Client thread/INFO]: Reloading ResourceManager: Default, FMLFileResourcePack:Forge Mod Loader, FMLFileResourcePack:Minecraft Forge, FMLFileResourcePack:Jonimod
[13:13:08] [Client thread/INFO]: SoundSystem shutting down...
[13:13:08] [Client thread/WARN]: Author: Paul Lamb, www.paulscode.com
[13:13:08] [Sound Library Loader/INFO]: Starting up SoundSystem...
[13:13:09] [Thread-8/INFO]: Initializing LWJGL OpenAL
[13:13:09] [Thread-8/INFO]: (The LWJGL binding of OpenAL.  For more information, see http://www.lwjgl.org)
[13:13:09] [Thread-8/INFO]: OpenAL initialized.
[13:13:09] [Sound Library Loader/INFO]: Sound engine started
[13:13:10] [Client thread/INFO]: Created: 512x512 textures-atlas
[13:13:11] [Client thread/WARN]: Skipping bad option: lastServer:
[13:13:17] [Server thread/INFO]: Starting integrated minecraft server version 1.11
[13:13:17] [Server thread/INFO]: Generating keypair
[13:13:17] [Realms Notification Availability checker #1/INFO]: Could not authorize you against Realms server: Invalid session id
[13:13:18] [Server thread/INFO]: Preparing start region for level 0
[13:13:19] [Server thread/INFO]: Preparing spawn area: 37%
[13:13:19] [Server thread/INFO]: Changing view distance to 12, from 10
[13:13:20] [Server thread/INFO]: Player252[local:E:5eaab2e6] logged in with entity id 406 at (45.436534887493096, 69.0, -3.901868119302754)
[13:13:20] [Server thread/INFO]: Player252 joined the game
[13:13:22] [pool-2-thread-1/WARN]: Couldn't look up profile properties for com.mojang.authlib.GameProfile@357974ea[id=ca1bc45b-4820-318c-8fd3-5eba4f447561,name=Player252,properties={},legacy=false]
com.mojang.authlib.exceptions.AuthenticationException: The client has sent too many requests within a certain amount of time
	at com.mojang.authlib.yggdrasil.YggdrasilAuthenticationService.makeRequest(YggdrasilAuthenticationService.java:79) ~[YggdrasilAuthenticationService.class:?]
	at com.mojang.authlib.yggdrasil.YggdrasilMinecraftSessionService.fillGameProfile(YggdrasilMinecraftSessionService.java:180) [YggdrasilMinecraftSessionService.class:?]
	at com.mojang.authlib.yggdrasil.YggdrasilMinecraftSessionService$1.load(YggdrasilMinecraftSessionService.java:60) [YggdrasilMinecraftSessionService$1.class:?]
	at com.mojang.authlib.yggdrasil.YggdrasilMinecraftSessionService$1.load(YggdrasilMinecraftSessionService.java:57) [YggdrasilMinecraftSessionService$1.class:?]
	at com.google.common.cache.LocalCache$LoadingValueReference.loadFuture(LocalCache.java:3524) [guava-17.0.jar:?]
	at com.google.common.cache.LocalCache$Segment.loadSync(LocalCache.java:2317) [guava-17.0.jar:?]
	at com.google.common.cache.LocalCache$Segment.lockedGetOrLoad(LocalCache.java:2280) [guava-17.0.jar:?]
	at com.google.common.cache.LocalCache$Segment.get(LocalCache.java:2195) [guava-17.0.jar:?]
	at com.google.common.cache.LocalCache.get(LocalCache.java:3934) [guava-17.0.jar:?]
	at com.google.common.cache.LocalCache.getOrLoad(LocalCache.java:3938) [guava-17.0.jar:?]
	at com.google.common.cache.LocalCache$LocalLoadingCache.get(LocalCache.java:4821) [guava-17.0.jar:?]
	at com.google.common.cache.LocalCache$LocalLoadingCache.getUnchecked(LocalCache.java:4827) [guava-17.0.jar:?]
	at com.mojang.authlib.yggdrasil.YggdrasilMinecraftSessionService.fillProfileProperties(YggdrasilMinecraftSessionService.java:170) [YggdrasilMinecraftSessionService.class:?]
	at net.minecraft.client.Minecraft.getProfileProperties(Minecraft.java:3054) [Minecraft.class:?]
	at net.minecraft.client.resources.SkinManager$3.run(SkinManager.java:138) [SkinManager$3.class:?]
	at java.util.concurrent.Executors$RunnableAdapter.call(Executors.java:511) [?:1.8.0_77]
	at java.util.concurrent.FutureTask.run(FutureTask.java:266) [?:1.8.0_77]
	at java.util.concurrent.ThreadPoolExecutor.runWorker(ThreadPoolExecutor.java:1142) [?:1.8.0_77]
	at java.util.concurrent.ThreadPoolExecutor$Worker.run(ThreadPoolExecutor.java:617) [?:1.8.0_77]
	at java.lang.Thread.run(Thread.java:745) [?:1.8.0_77]
[13:13:24] [Server thread/INFO]: Player252 has just earned the achievement [Taking Inventory]
[13:13:24] [Client thread/INFO]: [CHAT] Player252 has just earned the achievement [Taking Inventory]
[13:13:24] [Server thread/WARN]: Can't keep up! Did the system time change, or is the server overloaded? Running 2105ms behind, skipping 42 tick(s)
[13:14:58] [Server thread/INFO]: Saving and pausing game...
[13:14:58] [Server thread/INFO]: Saving chunks for level 'New World'/Overworld
[13:14:58] [Server thread/INFO]: Saving chunks for level 'New World'/Nether
[13:14:58] [Server thread/INFO]: Saving chunks for level 'New World'/The End
[13:15:29] [Server thread/INFO]: Saving and pausing game...
[13:15:29] [Server thread/INFO]: Saving chunks for level 'New World'/Overworld
[13:15:29] [Server thread/INFO]: Saving chunks for level 'New World'/Nether
[13:15:29] [Server thread/INFO]: Saving chunks for level 'New World'/The End
